Vivado Simulator 2017.4
Copyright 1986-1999, 2001-2016 Xilinx, Inc. All Rights Reserved.
Running: C:/Xilinx/Vivado/2017.4/bin/unwrapped/win64.o/xelab.exe -wto 9e76b58de2914043bcb97428ca0b89fd --incr --debug typical --relax --mt 2 -L xil_defaultlib -L unisims_ver -L unimacro_ver -L secureip --snapshot sim_behav xil_defaultlib.sim xil_defaultlib.glbl -log elaborate.log 
Using 2 slave threads.
Starting static elaboration
Completed static elaboration
Starting simulation data flow analysis
Completed simulation data flow analysis
Time Resolution for simulation is 1ps
Compiling module xil_defaultlib.PC
Compiling module xil_defaultlib.ROM
Compiling module xil_defaultlib.ID
Compiling module xil_defaultlib.CU
Compiling module xil_defaultlib.RegStack
Compiling module xil_defaultlib.ALU
Compiling module xil_defaultlib.RAM
Compiling module xil_defaultlib.IOMapping
Compiling module xil_defaultlib.divclk
Compiling module xil_defaultlib.digit
Compiling module xil_defaultlib.Screen
Compiling module xil_defaultlib.TOP
Compiling module xil_defaultlib.sim
Compiling module xil_defaultlib.glbl
Built simulation snapshot sim_behav
