Vivado Simulator 2017.4
Time resolution is 1 ps
                   0 PC->next => 0xxxxxxxxx
                   0 ROM->addr => 0xxxxxxxxx
                   0 ROM->ins  => 0xxxxxxxxx
                   0 CU->cond => x
                   0 CU->pc_next_select => xx
                   0 Reg->waddr =>  x
                   0 Reg->wdata => 0xxxxxxxxx
                   0 ALU->a => 0xxxxxxxxx	->b => 0xxxxxxxxx	->op => xxxx
                   0 ALU->f => 0xxxxxxxxx
                   0 RAM->we => x	->mm => xxx	->addr => 0x000000xx	->raw_wdata => 0xxxxxxxxx
                   0 Screen->data => 0xxxxxxxxx
                $$$$$$$$$$$$$$$$$$$$$$$$$$$$$$$$$$$$$$$$
                   5 ROM->addr => 0x00000000
                   5 PC->next => 0x00000010
                   5 ROM->ins  => 0x0100006f
                   5 Reg->waddr =>  0
                   5 CU->pc_next_select => 10
                   5 ALU->a => 0x00000000	->b => 0xxxxxxxxx	->op => 0000
                   5 RAM->we => 0	->mm => 000	->addr => 0x00000000	->raw_wdata => 0xxxxxxxxx
                   5 Reg->wdata => 0x00000004
                   5 ALU->f => 0x00000000
                   5 CU->cond => 1
                $$$$$$$$$$$$$$$$$$$$$$$$$$$$$$$$$$$$$$$$
                  15 ROM->addr => 0x00000010
                  15 ROM->ins  => 0x01000067
                  15 Reg->wdata => 0x00000014
                  15 ALU->a => 0x00000000	->b => 0x00000010	->op => 0001
                  15 CU->pc_next_select => 11
                  15 ALU->f => 0x00000010
                  15 CU->cond => 0
                  15 RAM->we => 0	->mm => 000	->addr => 0x00000010	->raw_wdata => 0xxxxxxxxx
                $$$$$$$$$$$$$$$$$$$$$$$$$$$$$$$$$$$$$$$$
                $$$$$$$$$$$$$$$$$$$$$$$$$$$$$$$$$$$$$$$$
                $$$$$$$$$$$$$$$$$$$$$$$$$$$$$$$$$$$$$$$$
                $$$$$$$$$$$$$$$$$$$$$$$$$$$$$$$$$$$$$$$$
                $$$$$$$$$$$$$$$$$$$$$$$$$$$$$$$$$$$$$$$$
                $$$$$$$$$$$$$$$$$$$$$$$$$$$$$$$$$$$$$$$$
                $$$$$$$$$$$$$$$$$$$$$$$$$$$$$$$$$$$$$$$$
                $$$$$$$$$$$$$$$$$$$$$$$$$$$$$$$$$$$$$$$$
                $$$$$$$$$$$$$$$$$$$$$$$$$$$$$$$$$$$$$$$$
                $$$$$$$$$$$$$$$$$$$$$$$$$$$$$$$$$$$$$$$$
                $$$$$$$$$$$$$$$$$$$$$$$$$$$$$$$$$$$$$$$$
                $$$$$$$$$$$$$$$$$$$$$$$$$$$$$$$$$$$$$$$$
                $$$$$$$$$$$$$$$$$$$$$$$$$$$$$$$$$$$$$$$$
                $$$$$$$$$$$$$$$$$$$$$$$$$$$$$$$$$$$$$$$$
                $$$$$$$$$$$$$$$$$$$$$$$$$$$$$$$$$$$$$$$$
                $$$$$$$$$$$$$$$$$$$$$$$$$$$$$$$$$$$$$$$$
                $$$$$$$$$$$$$$$$$$$$$$$$$$$$$$$$$$$$$$$$
                $$$$$$$$$$$$$$$$$$$$$$$$$$$$$$$$$$$$$$$$
                $$$$$$$$$$$$$$$$$$$$$$$$$$$$$$$$$$$$$$$$
                $$$$$$$$$$$$$$$$$$$$$$$$$$$$$$$$$$$$$$$$
                $$$$$$$$$$$$$$$$$$$$$$$$$$$$$$$$$$$$$$$$
                $$$$$$$$$$$$$$$$$$$$$$$$$$$$$$$$$$$$$$$$
                $$$$$$$$$$$$$$$$$$$$$$$$$$$$$$$$$$$$$$$$
                $$$$$$$$$$$$$$$$$$$$$$$$$$$$$$$$$$$$$$$$
                $$$$$$$$$$$$$$$$$$$$$$$$$$$$$$$$$$$$$$$$
                $$$$$$$$$$$$$$$$$$$$$$$$$$$$$$$$$$$$$$$$
                $$$$$$$$$$$$$$$$$$$$$$$$$$$$$$$$$$$$$$$$
                $$$$$$$$$$$$$$$$$$$$$$$$$$$$$$$$$$$$$$$$
                $$$$$$$$$$$$$$$$$$$$$$$$$$$$$$$$$$$$$$$$
                $$$$$$$$$$$$$$$$$$$$$$$$$$$$$$$$$$$$$$$$
                $$$$$$$$$$$$$$$$$$$$$$$$$$$$$$$$$$$$$$$$
                $$$$$$$$$$$$$$$$$$$$$$$$$$$$$$$$$$$$$$$$
                $$$$$$$$$$$$$$$$$$$$$$$$$$$$$$$$$$$$$$$$
                $$$$$$$$$$$$$$$$$$$$$$$$$$$$$$$$$$$$$$$$
                $$$$$$$$$$$$$$$$$$$$$$$$$$$$$$$$$$$$$$$$
                $$$$$$$$$$$$$$$$$$$$$$$$$$$$$$$$$$$$$$$$
                $$$$$$$$$$$$$$$$$$$$$$$$$$$$$$$$$$$$$$$$
                $$$$$$$$$$$$$$$$$$$$$$$$$$$$$$$$$$$$$$$$
                $$$$$$$$$$$$$$$$$$$$$$$$$$$$$$$$$$$$$$$$
                $$$$$$$$$$$$$$$$$$$$$$$$$$$$$$$$$$$$$$$$
                $$$$$$$$$$$$$$$$$$$$$$$$$$$$$$$$$$$$$$$$
                $$$$$$$$$$$$$$$$$$$$$$$$$$$$$$$$$$$$$$$$
                $$$$$$$$$$$$$$$$$$$$$$$$$$$$$$$$$$$$$$$$
                $$$$$$$$$$$$$$$$$$$$$$$$$$$$$$$$$$$$$$$$
                $$$$$$$$$$$$$$$$$$$$$$$$$$$$$$$$$$$$$$$$
                $$$$$$$$$$$$$$$$$$$$$$$$$$$$$$$$$$$$$$$$
                $$$$$$$$$$$$$$$$$$$$$$$$$$$$$$$$$$$$$$$$
                $$$$$$$$$$$$$$$$$$$$$$$$$$$$$$$$$$$$$$$$
                $$$$$$$$$$$$$$$$$$$$$$$$$$$$$$$$$$$$$$$$
                $$$$$$$$$$$$$$$$$$$$$$$$$$$$$$$$$$$$$$$$
                $$$$$$$$$$$$$$$$$$$$$$$$$$$$$$$$$$$$$$$$
                $$$$$$$$$$$$$$$$$$$$$$$$$$$$$$$$$$$$$$$$
                $$$$$$$$$$$$$$$$$$$$$$$$$$$$$$$$$$$$$$$$
                $$$$$$$$$$$$$$$$$$$$$$$$$$$$$$$$$$$$$$$$
                $$$$$$$$$$$$$$$$$$$$$$$$$$$$$$$$$$$$$$$$
                $$$$$$$$$$$$$$$$$$$$$$$$$$$$$$$$$$$$$$$$
                $$$$$$$$$$$$$$$$$$$$$$$$$$$$$$$$$$$$$$$$
                $$$$$$$$$$$$$$$$$$$$$$$$$$$$$$$$$$$$$$$$
                $$$$$$$$$$$$$$$$$$$$$$$$$$$$$$$$$$$$$$$$
                $$$$$$$$$$$$$$$$$$$$$$$$$$$$$$$$$$$$$$$$
                $$$$$$$$$$$$$$$$$$$$$$$$$$$$$$$$$$$$$$$$
                $$$$$$$$$$$$$$$$$$$$$$$$$$$$$$$$$$$$$$$$
                $$$$$$$$$$$$$$$$$$$$$$$$$$$$$$$$$$$$$$$$
                $$$$$$$$$$$$$$$$$$$$$$$$$$$$$$$$$$$$$$$$
                $$$$$$$$$$$$$$$$$$$$$$$$$$$$$$$$$$$$$$$$
                $$$$$$$$$$$$$$$$$$$$$$$$$$$$$$$$$$$$$$$$
                $$$$$$$$$$$$$$$$$$$$$$$$$$$$$$$$$$$$$$$$
                $$$$$$$$$$$$$$$$$$$$$$$$$$$$$$$$$$$$$$$$
                $$$$$$$$$$$$$$$$$$$$$$$$$$$$$$$$$$$$$$$$
                $$$$$$$$$$$$$$$$$$$$$$$$$$$$$$$$$$$$$$$$
                $$$$$$$$$$$$$$$$$$$$$$$$$$$$$$$$$$$$$$$$
                $$$$$$$$$$$$$$$$$$$$$$$$$$$$$$$$$$$$$$$$
                $$$$$$$$$$$$$$$$$$$$$$$$$$$$$$$$$$$$$$$$
                $$$$$$$$$$$$$$$$$$$$$$$$$$$$$$$$$$$$$$$$
                $$$$$$$$$$$$$$$$$$$$$$$$$$$$$$$$$$$$$$$$
                $$$$$$$$$$$$$$$$$$$$$$$$$$$$$$$$$$$$$$$$
                $$$$$$$$$$$$$$$$$$$$$$$$$$$$$$$$$$$$$$$$
                $$$$$$$$$$$$$$$$$$$$$$$$$$$$$$$$$$$$$$$$
                $$$$$$$$$$$$$$$$$$$$$$$$$$$$$$$$$$$$$$$$
                $$$$$$$$$$$$$$$$$$$$$$$$$$$$$$$$$$$$$$$$
                $$$$$$$$$$$$$$$$$$$$$$$$$$$$$$$$$$$$$$$$
                $$$$$$$$$$$$$$$$$$$$$$$$$$$$$$$$$$$$$$$$
                $$$$$$$$$$$$$$$$$$$$$$$$$$$$$$$$$$$$$$$$
                $$$$$$$$$$$$$$$$$$$$$$$$$$$$$$$$$$$$$$$$
                $$$$$$$$$$$$$$$$$$$$$$$$$$$$$$$$$$$$$$$$
                $$$$$$$$$$$$$$$$$$$$$$$$$$$$$$$$$$$$$$$$
                $$$$$$$$$$$$$$$$$$$$$$$$$$$$$$$$$$$$$$$$
                $$$$$$$$$$$$$$$$$$$$$$$$$$$$$$$$$$$$$$$$
                $$$$$$$$$$$$$$$$$$$$$$$$$$$$$$$$$$$$$$$$
                $$$$$$$$$$$$$$$$$$$$$$$$$$$$$$$$$$$$$$$$
                $$$$$$$$$$$$$$$$$$$$$$$$$$$$$$$$$$$$$$$$
                $$$$$$$$$$$$$$$$$$$$$$$$$$$$$$$$$$$$$$$$
                $$$$$$$$$$$$$$$$$$$$$$$$$$$$$$$$$$$$$$$$
                $$$$$$$$$$$$$$$$$$$$$$$$$$$$$$$$$$$$$$$$
                $$$$$$$$$$$$$$$$$$$$$$$$$$$$$$$$$$$$$$$$
                $$$$$$$$$$$$$$$$$$$$$$$$$$$$$$$$$$$$$$$$
                $$$$$$$$$$$$$$$$$$$$$$$$$$$$$$$$$$$$$$$$
                $$$$$$$$$$$$$$$$$$$$$$$$$$$$$$$$$$$$$$$$
